{"uuid":"63278dd7-7bcb-4d46-8f52-d490b2beccbd","historyId":"cc5e65fdb1c77b3e112f4f8e903a29fb","fullName":"Tests.SearchForBookTest.SearchForBook","labels":[{"name":"package","value":"Tests.SearchForBookTest"},{"name":"testClass","value":"Tests.SearchForBookTest"},{"name":"testMethod","value":"SearchForBook"},{"name":"parentSuite","value":"ParallelTests"},{"name":"suite","value":"ChromeTest"},{"name":"subSuite","value":"Tests.SearchForBookTest"},{"name":"host","value":"E0986971"},{"name":"thread","value":"35888@E0986971.TestNG-tests-1(19)"},{"name":"framework","value":"testng"},{"name":"language","value":"java"}],"links":[],"name":"SearchForBook","status":"failed","statusDetails":{"known":false,"muted":false,"flaky":false,"message":"expected [400.00] but found [₹400.00]","trace":"java.lang.AssertionError: expected [400.00] but found [₹400.00]\n\tat org.testng.Assert.fail(Assert.java:111)\n\tat org.testng.Assert.failNotEquals(Assert.java:1578)\n\tat org.testng.Assert.assertEqualsImpl(Assert.java:150)\n\tat org.testng.Assert.assertEquals(Assert.java:132)\n\tat org.testng.Assert.assertEquals(Assert.java:656)\n\tat org.testng.Assert.assertEquals(Assert.java:666)\n\tat Pages.ProductPage.ValidateOnBookPriceInDetailsPage(ProductPage.java:50)\n\tat Tests.SearchForBookTest.SearchForBook(SearchForBookTest.java:30)\n\tat java.base/jdk.internal.reflect.NativeMethodAccessorImpl.invoke0(Native Method)\n\tat java.base/jdk.internal.reflect.NativeMethodAccessorImpl.invoke(NativeMethodAccessorImpl.java:77)\n\tat java.base/jdk.internal.reflect.DelegatingMethodAccessorImpl.invoke(DelegatingMethodAccessorImpl.java:43)\n\tat java.base/java.lang.reflect.Method.invoke(Method.java:568)\n\tat org.testng.internal.invokers.MethodInvocationHelper.invokeMethod(MethodInvocationHelper.java:139)\n\tat org.testng.internal.invokers.TestInvoker.invokeMethod(TestInvoker.java:664)\n\tat org.testng.internal.invokers.TestInvoker.invokeTestMethod(TestInvoker.java:228)\n\tat org.testng.internal.invokers.MethodRunner.runInSequence(MethodRunner.java:63)\n\tat org.testng.internal.invokers.TestInvoker$MethodInvocationAgent.invoke(TestInvoker.java:961)\n\tat org.testng.internal.invokers.TestInvoker.invokeTestMethods(TestInvoker.java:201)\n\tat org.testng.internal.invokers.TestMethodWorker.invokeTestMethods(TestMethodWorker.java:148)\n\tat org.testng.internal.invokers.TestMethodWorker.run(TestMethodWorker.java:128)\n\tat java.base/java.util.ArrayList.forEach(ArrayList.java:1511)\n\tat org.testng.TestRunner.privateRun(TestRunner.java:819)\n\tat org.testng.TestRunner.run(TestRunner.java:619)\n\tat org.testng.SuiteRunner.runTest(SuiteRunner.java:443)\n\tat org.testng.SuiteRunner$SuiteWorker.run(SuiteRunner.java:481)\n\tat org.testng.internal.thread.ThreadUtil.lambda$execute$0(ThreadUtil.java:58)\n\tat java.base/java.util.concurrent.FutureTask.run(FutureTask.java:264)\n\tat java.base/java.util.concurrent.ThreadPoolExecutor.runWorker(ThreadPoolExecutor.java:1136)\n\tat java.base/java.util.concurrent.ThreadPoolExecutor$Worker.run(ThreadPoolExecutor.java:635)\n\tat java.base/java.lang.Thread.run(Thread.java:833)\n"},"stage":"finished","steps":[{"name":"Search for a Book in home page","status":"passed","stage":"finished","steps":[],"attachments":[],"parameters":[{"name":"KeyWord","value":"Thinking in HTML"}],"start":1710760156652,"stop":1710760168361},{"name":"Validate on Book title in home page","status":"passed","stage":"finished","steps":[],"attachments":[],"parameters":[{"name":"bookTitle","value":"Thinking in HTML"}],"start":1710760168363,"stop":1710760169357},{"name":"Click on book to see its details","status":"passed","stage":"finished","steps":[],"attachments":[],"parameters":[],"start":1710760169357,"stop":1710760174004},{"name":"Validate on book title in basket page","status":"passed","stage":"finished","steps":[],"attachments":[],"parameters":[{"name":"bookTitle","value":"Thinking in HTML"}],"start":1710760174004,"stop":1710760174325},{"name":"Validate on book price in basket page","status":"failed","statusDetails":{"known":false,"muted":false,"flaky":false,"message":"expected [400.00] but found [₹400.00]","trace":"java.lang.AssertionError: expected [400.00] but found [₹400.00]\n\tat org.testng.Assert.fail(Assert.java:111)\n\tat org.testng.Assert.failNotEquals(Assert.java:1578)\n\tat org.testng.Assert.assertEqualsImpl(Assert.java:150)\n\tat org.testng.Assert.assertEquals(Assert.java:132)\n\tat org.testng.Assert.assertEquals(Assert.java:656)\n\tat org.testng.Assert.assertEquals(Assert.java:666)\n\tat Pages.ProductPage.ValidateOnBookPriceInDetailsPage(ProductPage.java:50)\n\tat Tests.SearchForBookTest.SearchForBook(SearchForBookTest.java:30)\n\tat java.base/jdk.internal.reflect.NativeMethodAccessorImpl.invoke0(Native Method)\n\tat java.base/jdk.internal.reflect.NativeMethodAccessorImpl.invoke(NativeMethodAccessorImpl.java:77)\n\tat java.base/jdk.internal.reflect.DelegatingMethodAccessorImpl.invoke(DelegatingMethodAccessorImpl.java:43)\n\tat java.base/java.lang.reflect.Method.invoke(Method.java:568)\n\tat org.testng.internal.invokers.MethodInvocationHelper.invokeMethod(MethodInvocationHelper.java:139)\n\tat org.testng.internal.invokers.TestInvoker.invokeMethod(TestInvoker.java:664)\n\tat org.testng.internal.invokers.TestInvoker.invokeTestMethod(TestInvoker.java:228)\n\tat org.testng.internal.invokers.MethodRunner.runInSequence(MethodRunner.java:63)\n\tat org.testng.internal.invokers.TestInvoker$MethodInvocationAgent.invoke(TestInvoker.java:961)\n\tat org.testng.internal.invokers.TestInvoker.invokeTestMethods(TestInvoker.java:201)\n\tat org.testng.internal.invokers.TestMethodWorker.invokeTestMethods(TestMethodWorker.java:148)\n\tat org.testng.internal.invokers.TestMethodWorker.run(TestMethodWorker.java:128)\n\tat java.base/java.util.ArrayList.forEach(ArrayList.java:1511)\n\tat org.testng.TestRunner.privateRun(TestRunner.java:819)\n\tat org.testng.TestRunner.run(TestRunner.java:619)\n\tat org.testng.SuiteRunner.runTest(SuiteRunner.java:443)\n\tat org.testng.SuiteRunner$SuiteWorker.run(SuiteRunner.java:481)\n\tat org.testng.internal.thread.ThreadUtil.lambda$execute$0(ThreadUtil.java:58)\n\tat java.base/java.util.concurrent.FutureTask.run(FutureTask.java:264)\n\tat java.base/java.util.concurrent.ThreadPoolExecutor.runWorker(ThreadPoolExecutor.java:1136)\n\tat java.base/java.util.concurrent.ThreadPoolExecutor$Worker.run(ThreadPoolExecutor.java:635)\n\tat java.base/java.lang.Thread.run(Thread.java:833)\n"},"stage":"finished","steps":[],"attachments":[],"parameters":[{"name":"bookPrice","value":"400.00"}],"start":1710760174325,"stop":1710760174484}],"attachments":[],"parameters":[{"name":"BrowserName","value":"chrome"}],"start":1710760156647,"stop":1710760174497}