{"uuid":"71dee251-05a2-4c9f-a9bf-5e0e368b159a","historyId":"f8c931c7b24c39d720a143613c9818ad","fullName":"Tests.AddBookToCartTest.AddBookToCart","labels":[{"name":"package","value":"Tests.AddBookToCartTest"},{"name":"testClass","value":"Tests.AddBookToCartTest"},{"name":"testMethod","value":"AddBookToCart"},{"name":"parentSuite","value":"ParallelTests"},{"name":"suite","value":"ChromeTest"},{"name":"subSuite","value":"Tests.AddBookToCartTest"},{"name":"host","value":"E0986971"},{"name":"thread","value":"35888@E0986971.TestNG-tests-1(19)"},{"name":"framework","value":"testng"},{"name":"language","value":"java"}],"links":[],"name":"AddBookToCart","status":"failed","statusDetails":{"known":false,"muted":false,"flaky":false,"message":"expected [400.00] but found [₹400.00]","trace":"java.lang.AssertionError: expected [400.00] but found [₹400.00]\n\tat org.testng.Assert.fail(Assert.java:111)\n\tat org.testng.Assert.failNotEquals(Assert.java:1578)\n\tat org.testng.Assert.assertEqualsImpl(Assert.java:150)\n\tat org.testng.Assert.assertEquals(Assert.java:132)\n\tat org.testng.Assert.assertEquals(Assert.java:656)\n\tat org.testng.Assert.assertEquals(Assert.java:666)\n\tat Pages.Basket.ValidateOnBookPriceInBasketPage(Basket.java:51)\n\tat Tests.AddBookToCartTest.AddBookToCart(AddBookToCartTest.java:27)\n\tat java.base/jdk.internal.reflect.NativeMethodAccessorImpl.invoke0(Native Method)\n\tat java.base/jdk.internal.reflect.NativeMethodAccessorImpl.invoke(NativeMethodAccessorImpl.java:77)\n\tat java.base/jdk.internal.reflect.DelegatingMethodAccessorImpl.invoke(DelegatingMethodAccessorImpl.java:43)\n\tat java.base/java.lang.reflect.Method.invoke(Method.java:568)\n\tat org.testng.internal.invokers.MethodInvocationHelper.invokeMethod(MethodInvocationHelper.java:139)\n\tat org.testng.internal.invokers.TestInvoker.invokeMethod(TestInvoker.java:664)\n\tat org.testng.internal.invokers.TestInvoker.invokeTestMethod(TestInvoker.java:228)\n\tat org.testng.internal.invokers.MethodRunner.runInSequence(MethodRunner.java:63)\n\tat org.testng.internal.invokers.TestInvoker$MethodInvocationAgent.invoke(TestInvoker.java:961)\n\tat org.testng.internal.invokers.TestInvoker.invokeTestMethods(TestInvoker.java:201)\n\tat org.testng.internal.invokers.TestMethodWorker.invokeTestMethods(TestMethodWorker.java:148)\n\tat org.testng.internal.invokers.TestMethodWorker.run(TestMethodWorker.java:128)\n\tat java.base/java.util.ArrayList.forEach(ArrayList.java:1511)\n\tat org.testng.TestRunner.privateRun(TestRunner.java:819)\n\tat org.testng.TestRunner.run(TestRunner.java:619)\n\tat org.testng.SuiteRunner.runTest(SuiteRunner.java:443)\n\tat org.testng.SuiteRunner$SuiteWorker.run(SuiteRunner.java:481)\n\tat org.testng.internal.thread.ThreadUtil.lambda$execute$0(ThreadUtil.java:58)\n\tat java.base/java.util.concurrent.FutureTask.run(FutureTask.java:264)\n\tat java.base/java.util.concurrent.ThreadPoolExecutor.runWorker(ThreadPoolExecutor.java:1136)\n\tat java.base/java.util.concurrent.ThreadPoolExecutor$Worker.run(ThreadPoolExecutor.java:635)\n\tat java.base/java.lang.Thread.run(Thread.java:833)\n"},"stage":"finished","steps":[{"name":"Search for a Book in home page","status":"passed","stage":"finished","steps":[],"attachments":[],"parameters":[{"name":"KeyWord","value":"Thinking in HTML"}],"start":1710760174728,"stop":1710760186820},{"name":"Click on book to see its details","status":"passed","stage":"finished","steps":[],"attachments":[],"parameters":[],"start":1710760186820,"stop":1710760192230},{"name":"add book to basket","status":"passed","stage":"finished","steps":[],"attachments":[],"parameters":[],"start":1710760192232,"stop":1710760197625},{"name":"Click on shop cart in the Home page","status":"passed","stage":"finished","steps":[],"attachments":[],"parameters":[],"start":1710760197625,"stop":1710760201593},{"name":"Validate on Product name in Basket Page","status":"passed","stage":"finished","steps":[],"attachments":[],"parameters":[{"name":"bookName","value":"Thinking in HTML"}],"start":1710760201594,"stop":1710760202112},{"name":"Validate on price in Basket page","status":"failed","statusDetails":{"known":false,"muted":false,"flaky":false,"message":"expected [400.00] but found [₹400.00]","trace":"java.lang.AssertionError: expected [400.00] but found [₹400.00]\n\tat org.testng.Assert.fail(Assert.java:111)\n\tat org.testng.Assert.failNotEquals(Assert.java:1578)\n\tat org.testng.Assert.assertEqualsImpl(Assert.java:150)\n\tat org.testng.Assert.assertEquals(Assert.java:132)\n\tat org.testng.Assert.assertEquals(Assert.java:656)\n\tat org.testng.Assert.assertEquals(Assert.java:666)\n\tat Pages.Basket.ValidateOnBookPriceInBasketPage(Basket.java:51)\n\tat Tests.AddBookToCartTest.AddBookToCart(AddBookToCartTest.java:27)\n\tat java.base/jdk.internal.reflect.NativeMethodAccessorImpl.invoke0(Native Method)\n\tat java.base/jdk.internal.reflect.NativeMethodAccessorImpl.invoke(NativeMethodAccessorImpl.java:77)\n\tat java.base/jdk.internal.reflect.DelegatingMethodAccessorImpl.invoke(DelegatingMethodAccessorImpl.java:43)\n\tat java.base/java.lang.reflect.Method.invoke(Method.java:568)\n\tat org.testng.internal.invokers.MethodInvocationHelper.invokeMethod(MethodInvocationHelper.java:139)\n\tat org.testng.internal.invokers.TestInvoker.invokeMethod(TestInvoker.java:664)\n\tat org.testng.internal.invokers.TestInvoker.invokeTestMethod(TestInvoker.java:228)\n\tat org.testng.internal.invokers.MethodRunner.runInSequence(MethodRunner.java:63)\n\tat org.testng.internal.invokers.TestInvoker$MethodInvocationAgent.invoke(TestInvoker.java:961)\n\tat org.testng.internal.invokers.TestInvoker.invokeTestMethods(TestInvoker.java:201)\n\tat org.testng.internal.invokers.TestMethodWorker.invokeTestMethods(TestMethodWorker.java:148)\n\tat org.testng.internal.invokers.TestMethodWorker.run(TestMethodWorker.java:128)\n\tat java.base/java.util.ArrayList.forEach(ArrayList.java:1511)\n\tat org.testng.TestRunner.privateRun(TestRunner.java:819)\n\tat org.testng.TestRunner.run(TestRunner.java:619)\n\tat org.testng.SuiteRunner.runTest(SuiteRunner.java:443)\n\tat org.testng.SuiteRunner$SuiteWorker.run(SuiteRunner.java:481)\n\tat org.testng.internal.thread.ThreadUtil.lambda$execute$0(ThreadUtil.java:58)\n\tat java.base/java.util.concurrent.FutureTask.run(FutureTask.java:264)\n\tat java.base/java.util.concurrent.ThreadPoolExecutor.runWorker(ThreadPoolExecutor.java:1136)\n\tat java.base/java.util.concurrent.ThreadPoolExecutor$Worker.run(ThreadPoolExecutor.java:635)\n\tat java.base/java.lang.Thread.run(Thread.java:833)\n"},"stage":"finished","steps":[],"attachments":[],"parameters":[{"name":"bookPrice","value":"400.00"}],"start":1710760202112,"stop":1710760202763}],"attachments":[],"parameters":[{"name":"BrowserName","value":"chrome"}],"start":1710760174725,"stop":1710760202767}